kotlin version: 2.0.0
error message: java.lang.OutOfMemoryError
	at java.base/java.lang.ClassLoader.defineClass1(Native Method)
	at java.base/java.lang.ClassLoader.defineClass(Unknown Source)
	at java.base/java.security.SecureClassLoader.defineClass(Unknown Source)
	at java.base/jdk.internal.loader.BuiltinClassLoader.defineClass(Unknown Source)
	at java.base/jdk.internal.loader.BuiltinClassLoader.findClassOnClassPathOrNull(Unknown Source)
	at java.base/jdk.internal.loader.BuiltinClassLoader.loadClassOrNull(Unknown Source)
	at java.base/jdk.internal.loader.BuiltinClassLoader.loadClass(Unknown Source)
	at java.base/jdk.internal.loader.ClassLoaders$AppClassLoader.loadClass(Unknown Source)
	at java.base/java.lang.ClassLoader.loadClass(Unknown Source)
	at org.jetbrains.kotlin.types.checker.SimpleClassicTypeSystemContext.asSimpleType(NewKotlinTypeChecker.kt:29)
	at org.jetbrains.kotlin.types.AbstractStrictEqualityTypeChecker.strictEqualTypesInternal(AbstractStrictEqualityTypeChecker.kt:27)
	at org.jetbrains.kotlin.types.AbstractStrictEqualityTypeChecker.strictEqualTypes(AbstractStrictEqualityTypeChecker.kt:13)
	at org.jetbrains.kotlin.types.checker.StrictEqualityTypeChecker.strictEqualTypes(NewKotlinTypeChecker.kt:41)
	at org.jetbrains.kotlin.types.KotlinType.equals(KotlinType.kt:121)
	at kotlin.jvm.internal.Intrinsics.areEqual(Intrinsics.java:169)
	at org.jetbrains.kotlin.utils.SmartSet.contains(SmartSet.kt:83)
	at org.jetbrains.kotlin.types.TypeUtils.contains(TypeUtils.java:444)
	at org.jetbrains.kotlin.types.TypeUtils.contains(TypeUtils.java:475)
	at org.jetbrains.kotlin.types.TypeUtils.contains(TypeUtils.java:431)
	at org.jetbrains.kotlin.types.typeUtil.TypeUtilsKt.contains(TypeUtils.kt:198)
	at org.jetbrains.kotlin.types.typeUtil.TypeUtilsKt.containsTypeAliasParameters(TypeUtils.kt:285)
	at org.jetbrains.kotlin.resolve.TypeResolver.shouldCheckBounds(TypeResolver.kt:666)
	at org.jetbrains.kotlin.resolve.TypeResolver.resolveTypeForClass(TypeResolver.kt:634)
	at org.jetbrains.kotlin.resolve.TypeResolver.resolveTypeForClassifier(TypeResolver.kt:582)
	at org.jetbrains.kotlin.resolve.TypeResolver$resolveTypeElement$1.visitUserType(TypeResolver.kt:278)
	at org.jetbrains.kotlin.psi.KtVisitorVoid.visitUserType(KtVisitorVoid.java:937)
	at org.jetbrains.kotlin.psi.KtVisitorVoid.visitUserType(KtVisitorVoid.java:21)
	at org.jetbrains.kotlin.psi.KtUserType.accept(KtUserType.java:42)
	at org.jetbrains.kotlin.psi.KtElementImplStub.accept(KtElementImplStub.java:49)
	at org.jetbrains.kotlin.resolve.TypeResolver.resolveTypeElement(TypeResolver.kt:257)
	at org.jetbrains.kotlin.resolve.TypeResolver.resolvePossiblyBareType(TypeResolver.kt:136)
	at org.jetbrains.kotlin.resolve.TypeResolver.resolveType(TypeResolver.kt:126)
	at org.jetbrains.kotlin.resolve.TypeResolver.resolveType(TypeResolver.kt:97)
	at org.jetbrains.kotlin.resolve.FunctionDescriptorResolver.resolveValueParameters(FunctionDescriptorResolver.kt:489)
	at org.jetbrains.kotlin.resolve.FunctionDescriptorResolver.createConstructorDescriptor(FunctionDescriptorResolver.kt:455)
	at org.jetbrains.kotlin.resolve.FunctionDescriptorResolver.resolvePrimaryConstructorDescriptor(FunctionDescriptorResolver.kt:392)
	at org.jetbrains.kotlin.resolve.lazy.descriptors.LazyClassMemberScope.resolvePrimaryConstructor(LazyClassMemberScope.kt:536)
	at org.jetbrains.kotlin.resolve.lazy.descriptors.LazyClassMemberScope.primaryConstructor$lambda$21(LazyClassMemberScope.kt:206)
	at org.jetbrains.kotlin.storage.LockBasedStorageManager$LockBasedLazyValue.invoke(LockBasedStorageManager.java:408)
	at org.jetbrains.kotlin.resolve.lazy.descriptors.LazyClassMemberScope.getPrimaryConstructor(LazyClassMemberScope.kt:524)
	at org.jetbrains.kotlin.resolve.lazy.descriptors.LazyClassMemberScope.createPropertiesFromPrimaryConstructorParameters(LazyClassMemberScope.kt:439)
	at org.jetbrains.kotlin.resolve.lazy.descriptors.LazyClassMemberScope.getNonDeclaredProperties(LazyClassMemberScope.kt:424)
	at org.jetbrains.kotlin.resolve.lazy.descriptors.AbstractLazyMemberScope.doGetProperties(AbstractLazyMemberScope.kt:150)
	at org.jetbrains.kotlin.resolve.lazy.descriptors.AbstractLazyMemberScope.propertyDescriptors$lambda$2(AbstractLazyMemberScope.kt:53)
	at org.jetbrains.kotlin.storage.LockBasedStorageManager$MapBasedMemoizedFunction.invoke(LockBasedStorageManager.java:578)
	at org.jetbrains.kotlin.storage.LockBasedStorageManager$MapBasedMemoizedFunctionToNotNull.invoke(LockBasedStorageManager.java:681)
	at org.jetbrains.kotlin.resolve.lazy.descriptors.AbstractLazyMemberScope.getContributedVariables(AbstractLazyMemberScope.kt:144)
	at org.jetbrains.kotlin.resolve.lazy.descriptors.LazyClassMemberScope.getContributedVariables(LazyClassMemberScope.kt:409)
	at org.jetbrains.kotlin.resolve.lazy.LazyDeclarationResolver$resolveToDescriptor$1.visitParameter(LazyDeclarationResolver.kt:139)
	at org.jetbrains.kotlin.resolve.lazy.LazyDeclarationResolver$resolveToDescriptor$1.visitParameter(LazyDeclarationResolver.kt:94)
	at org.jetbrains.kotlin.psi.KtParameter.accept(KtParameter.java:51)
	at org.jetbrains.kotlin.resolve.lazy.LazyDeclarationResolver.resolveToDescriptor(LazyDeclarationResolver.kt:94)
	at org.jetbrains.kotlin.resolve.lazy.LazyDeclarationResolver.resolveToDescriptor(LazyDeclarationResolver.kt:91)
	at org.jetbrains.kotlin.resolve.lazy.ResolveSession.resolveToDescriptor(ResolveSession.java:368)
	at com.google.devtools.ksp.processing.impl.ResolverImpl.resolveDeclaration(ResolverImpl.kt:517)
	at com.google.devtools.ksp.processing.impl.ResolverImpl.resolveUserType(ResolverImpl.kt:725)
	at com.google.devtools.ksp.symbol.impl.kotlin.KSTypeReferenceImpl.resolve(KSTypeReferenceImpl.kt:124)
	at com.google.devtools.ksp.symbol.impl.kotlin.KSPropertyDeclarationParameterImpl$annotations$2$2.invoke(KSPropertyDeclarationParameterImpl.kt:44)
	at com.google.devtools.ksp.symbol.impl.kotlin.KSPropertyDeclarationParameterImpl$annotations$2$2.invoke(KSPropertyDeclarationParameterImpl.kt:41)
	at kotlin.sequences.FilteringSequence$iterator$1.calcNext(Sequences.kt:171)
	at kotlin.sequences.FilteringSequence$iterator$1.hasNext(Sequences.kt:194)
	at kotlin.sequences.SequencesKt___SequencesKt.any(_Sequences.kt:1240)
	at com.google.devtools.ksp.common.visitor.CollectAnnotatedSymbolsVisitor.visitAnnotated(CollectAnnotatedSymbolsVisitor.kt:37)
	at com.google.devtools.ksp.common.visitor.CollectAnnotatedSymbolsVisitor.visitPropertyDeclaration(CollectAnnotatedSymbolsVisitor.kt:82)
	at com.google.devtools.ksp.common.visitor.CollectAnnotatedSymbolsVisitor.visitPropertyDeclaration(CollectAnnotatedSymbolsVisitor.kt:33)
	at com.google.devtools.ksp.symbol.impl.kotlin.KSPropertyDeclarationParameterImpl.accept(KSPropertyDeclarationParameterImpl.kt:102)
	at com.google.devtools.ksp.common.visitor.CollectAnnotatedSymbolsVisitor.visitClassDeclaration(CollectAnnotatedSymbolsVisitor.kt:54)
	at com.google.devtools.ksp.common.visitor.CollectAnnotatedSymbolsVisitor.visitClassDeclaration(CollectAnnotatedSymbolsVisitor.kt:33)
	at com.google.devtools.ksp.symbol.impl.kotlin.KSClassDeclarationImpl.accept(KSClassDeclarationImpl.kt:133)
	at com.google.devtools.ksp.common.visitor.CollectAnnotatedSymbolsVisitor.visitFile(CollectAnnotatedSymbolsVisitor.kt:43)
	at com.google.devtools.ksp.common.visitor.CollectAnnotatedSymbolsVisitor.visitFile(CollectAnnotatedSymbolsVisitor.kt:33)
	at com.google.devtools.ksp.symbol.impl.kotlin.KSFileImpl.accept(KSFileImpl.kt:62)
	at com.google.devtools.ksp.processing.impl.ResolverImpl.collectAnnotatedSymbols(ResolverImpl.kt:329)
	at com.google.devtools.ksp.processing.impl.ResolverImpl.access$collectAnnotatedSymbols(ResolverImpl.kt:119)
	at com.google.devtools.ksp.processing.impl.ResolverImpl$newAnnotatedSymbols$2.invoke(ResolverImpl.kt:340)
	at com.google.devtools.ksp.processing.impl.ResolverImpl$newAnnotatedSymbols$2.invoke(ResolverImpl.kt:339)
	at kotlin.SynchronizedLazyImpl.getValue(LazyJVM.kt:74)
	at com.google.devtools.ksp.processing.impl.ResolverImpl.getNewAnnotatedSymbols(ResolverImpl.kt:339)
	at com.google.devtools.ksp.processing.impl.ResolverImpl.getSymbolsWithAnnotation(ResolverImpl.kt:321)
	at com.google.devtools.ksp.processing.Resolver.getSymbolsWithAnnotation$default(Resolver.kt:48)
	at androidx.room.compiler.processing.ksp.KspRoundEnv.getElementsAnnotatedWith(KspRoundEnv.kt:50)
	at androidx.room.compiler.processing.CommonProcessorDelegate.processRound(XBasicAnnotationProcessor.kt:100)
	at androidx.room.compiler.processing.ksp.KspBasicAnnotationProcessor.process(KspBasicAnnotationProcessor.kt:62)
	at com.google.devtools.ksp.AbstractKotlinSymbolProcessingExtension$doAnalysis$8$1.invoke(KotlinSymbolProcessingExtension.kt:310)
	at com.google.devtools.ksp.AbstractKotlinSymbolProcessingExtension$doAnalysis$8$1.invoke(KotlinSymbolProcessingExtension.kt:308)
	at com.google.devtools.ksp.AbstractKotlinSymbolProcessingExtension.handleException(KotlinSymbolProcessingExtension.kt:414)
	at com.google.devtools.ksp.AbstractKotlinSymbolProcessingExtension.doAnalysis(KotlinSymbolProcessingExtension.kt:308)
	at org.jetbrains.kotlin.cli.jvm.compiler.TopDownAnalyzerFacadeForJVM.analyzeFilesWithJavaIntegration(TopDownAnalyzerFacadeForJVM.kt:112)
	at org.jetbrains.kotlin.cli.jvm.compiler.TopDownAnalyzerFacadeForJVM.analyzeFilesWithJavaIntegration$default(TopDownAnalyzerFacadeForJVM.kt:75)
	at org.jetbrains.kotlin.cli.jvm.compiler.KotlinToJVMBytecodeCompiler.analyze$lambda$12(KotlinToJVMBytecodeCompiler.kt:373)
	at org.jetbrains.kotlin.cli.common.messages.AnalyzerWithCompilerReport.analyzeAndReport(AnalyzerWithCompilerReport.kt:115)
	at org.jetbrains.kotlin.cli.jvm.compiler.KotlinToJVMBytecodeCompiler.analyze(KotlinToJVMBytecodeCompiler.kt:364)
	at org.jetbrains.kotlin.cli.jvm.compiler.KotlinToJVMBytecodeCompiler.runFrontendAndGenerateIrUsingClassicFrontend(KotlinToJVMBytecodeCompiler.kt:195)
	at org.jetbrains.kotlin.cli.jvm.compiler.KotlinToJVMBytecodeCompiler.compileModules$cli(KotlinToJVMBytecodeCompiler.kt:106)
	at org.jetbrains.kotlin.cli.jvm.K2JVMCompiler.doExecute(K2JVMCompiler.kt:176)
	at org.jetbrains.kotlin.cli.jvm.K2JVMCompiler.doExecute(K2JVMCompiler.kt:50)
	at org.jetbrains.kotlin.cli.common.CLICompiler.execImpl(CLICompiler.kt:104)
	at org.jetbrains.kotlin.cli.common.CLICompiler.execImpl(CLICompiler.kt:48)
	at org.jetbrains.kotlin.cli.common.CLITool.exec(CLITool.kt:101)
	at org.jetbrains.kotlin.daemon.CompileServiceImpl.compile(CompileServiceImpl.kt:1556)
	at java.base/jdk.internal.reflect.DirectMethodHandleAccessor.invoke(Unknown Source)
	at java.base/java.lang.reflect.Method.invoke(Unknown Source)
	at java.rmi/sun.rmi.server.UnicastServerRef.dispatch(Unknown Source)
	at java.rmi/sun.rmi.transport.Transport$1.run(Unknown Source)
	at java.rmi/sun.rmi.transport.Transport$1.run(Unknown Source)
	at java.base/java.security.AccessController.doPrivileged(Unknown Source)
	at java.rmi/sun.rmi.transport.Transport.serviceCall(Unknown Source)
	at java.rmi/sun.rmi.transport.tcp.TCPTransport.handleMessages(Unknown Source)
	at java.rmi/sun.rmi.transport.tcp.TCPTransport$ConnectionHandler.run0(Unknown Source)
	at java.rmi/sun.rmi.transport.tcp.TCPTransport$ConnectionHandler.lambda$run$0(Unknown Source)
	at java.base/java.security.AccessController.doPrivileged(Unknown Source)
	at java.rmi/sun.rmi.transport.tcp.TCPTransport$ConnectionHandler.run(Unknown Source)
	at java.base/java.util.concurrent.ThreadPoolExecutor.runWorker(Unknown Source)
	at java.base/java.util.concurrent.ThreadPoolExecutor$Worker.run(Unknown Source)
	at java.base/java.lang.Thread.run(Unknown Source)


